<html>
<head>
<title>TestNG:  growing-marketing测试</title>
<link href="../testng.css" rel="stylesheet" type="text/css" />
<link href="../my-testng.css" rel="stylesheet" type="text/css" />

<style type="text/css">
.log { display: none;} 
.stack-trace { display: none;} 
</style>
<script type="text/javascript">
<!--
function flip(e) {
  current = e.style.display;
  if (current == 'block') {
    e.style.display = 'none';
    return 0;
  }
  else {
    e.style.display = 'block';
    return 1;
  }
}

function toggleBox(szDivId, elem, msg1, msg2)
{
  var res = -1;  if (document.getElementById) {
    res = flip(document.getElementById(szDivId));
  }
  else if (document.all) {
    // this is the way old msie versions work
    res = flip(document.all[szDivId]);
  }
  if(elem) {
    if(res == 0) elem.innerHTML = msg1; else elem.innerHTML = msg2;
  }

}

function toggleAllBoxes() {
  if (document.getElementsByTagName) {
    d = document.getElementsByTagName('div');
    for (i = 0; i < d.length; i++) {
      if (d[i].className == 'log') {
        flip(d[i]);
      }
    }
  }
}

// -->
</script>

</head>
<body>
<h2 align='center'>growing-marketing测试</h2><table border='1' align="center">
<tr>
<td>Tests passed/Failed/Skipped:</td><td>1/1/0</td>
</tr><tr>
<td>Started on:</td><td>Mon Sep 30 15:51:32 CST 2019</td>
</tr>
<tr><td>Total time:</td><td>2 seconds (2173 ms)</td>
</tr><tr>
<td>Included groups:</td><td></td>
</tr><tr>
<td>Excluded groups:</td><td></td>
</tr>
</table><p/>
<small><i>(Hover the method name to see the test class name)</i></small><p/>
<table width='100%' border='1' class='invocation-failed'>
<tr><td colspan='4' align='center'><b>FAILED TESTS</b></td></tr>
<tr><td><b>Test method</b></td>
<td width="30%"><b>Exception</b></td>
<td width="10%"><b>Time (seconds)</b></td>
<td><b>Instance</b></td>
</tr>
<tr>
<td title='per.hao.cases.marketing.automation.CampaignsTest.testCampaignsCreate()'><b>testCampaignsCreate</b><br>Test class: per.hao.cases.marketing.automation.CampaignsTest<br>Test method: 创建消息组<br>Parameters: {path=/_private/projects/${uid}/marketing/gtouch/campaigns, 参数模板={
    "name": "ITF-创建消息组${random}",
    "type": "banner",
    "productIds": [${productIds}],
    "state": "draft"
}, productIds="xogdzD9m", 用例标题=创建消息组, 用例编号=marketing-automation-1}</td>
<td><div><pre>java.lang.AssertionError: &lt;html&gt;
&lt;head&gt;&lt;title&gt;401 Authorization Required&lt;/title&gt;&lt;/head&gt;
&lt;body bgcolor=&quot;white&quot;&gt;
&lt;center&gt;&lt;h1&gt;401 Authorization Required&lt;/h1&gt;&lt;/center&gt;
&lt;hr&gt;&lt;center&gt;nginx&lt;/center&gt;
&lt;/body&gt;
&lt;/html&gt;
 [not contain] ITF-创建消息组4bf36e00-5e56-4a1b-8183-97523508cfb1 expected [true] but found [false]
	at org.testng.Assert.fail(Assert.java:96)
	at org.testng.Assert.failNotEquals(Assert.java:776)
	at org.testng.Assert.assertTrue(Assert.java:44)
	at per.hao.BaseTester.assertTextContain(BaseTester.java:28)
	at per.hao.cases.marketing.automation.CampaignsTest.testCampaignsCreate(CampaignsTest.java:53)
	at sun.reflect.NativeMethodAccessorImpl.invoke0(Native Method)
	at sun.reflect.NativeMethodAccessorImpl.invoke(NativeMethodAccessorImpl.java:62)
	at sun.reflect.DelegatingMethodAccessorImpl.invoke(DelegatingMethodAccessorImpl.java:43)
	at java.lang.reflect.Method.invoke(Method.java:498)
	at org.testng.internal.MethodInvocationHelper.invokeMethod(MethodInvocationHelper.java:124)
	at org.testng.internal.Invoker.invokeMethod(Invoker.java:583)
	at org.testng.internal.Invoker.invokeTestMethod(Invoker.java:719)
	at org.testng.internal.Invoker.invokeTestMethods(Invoker.java:989)
	at org.testng.internal.TestMethodWorker.invokeTestMethods(TestMethodWorker.java:125)
	at org.testng.internal.TestMethodWorker.run(TestMethodWorker.java:109)
	at java.util.concurrent.ThreadPoolExecutor.runWorker(ThreadPoolExecutor.java:1149)
	at java.util.concurrent.ThreadPoolExecutor$Worker.run(ThreadPoolExecutor.java:624)
	at java.lang.Thread.run(Thread.java:748)
</pre></div><a href='#' onClick='toggleBox("stack-trace866846215", this, "Click to show all stack frames", "Click to hide stack frames")'>Click to show all stack frames</a>
<div class='stack-trace' id='stack-trace866846215'><pre>java.lang.AssertionError: &lt;html&gt;
&lt;head&gt;&lt;title&gt;401 Authorization Required&lt;/title&gt;&lt;/head&gt;
&lt;body bgcolor=&quot;white&quot;&gt;
&lt;center&gt;&lt;h1&gt;401 Authorization Required&lt;/h1&gt;&lt;/center&gt;
&lt;hr&gt;&lt;center&gt;nginx&lt;/center&gt;
&lt;/body&gt;
&lt;/html&gt;
 [not contain] ITF-创建消息组4bf36e00-5e56-4a1b-8183-97523508cfb1 expected [true] but found [false]
	at org.testng.Assert.fail(Assert.java:96)
	at org.testng.Assert.failNotEquals(Assert.java:776)
	at org.testng.Assert.assertTrue(Assert.java:44)
	at per.hao.BaseTester.assertTextContain(BaseTester.java:28)
	at per.hao.cases.marketing.automation.CampaignsTest.testCampaignsCreate(CampaignsTest.java:53)
	at sun.reflect.NativeMethodAccessorImpl.invoke0(Native Method)
	at sun.reflect.NativeMethodAccessorImpl.invoke(NativeMethodAccessorImpl.java:62)
	at sun.reflect.DelegatingMethodAccessorImpl.invoke(DelegatingMethodAccessorImpl.java:43)
	at java.lang.reflect.Method.invoke(Method.java:498)
	at org.testng.internal.MethodInvocationHelper.invokeMethod(MethodInvocationHelper.java:124)
	at org.testng.internal.Invoker.invokeMethod(Invoker.java:583)
	at org.testng.internal.Invoker.invokeTestMethod(Invoker.java:719)
	at org.testng.internal.Invoker.invokeTestMethods(Invoker.java:989)
	at org.testng.internal.TestMethodWorker.invokeTestMethods(TestMethodWorker.java:125)
	at org.testng.internal.TestMethodWorker.run(TestMethodWorker.java:109)
	at java.util.concurrent.ThreadPoolExecutor.runWorker(ThreadPoolExecutor.java:1149)
	at java.util.concurrent.ThreadPoolExecutor$Worker.run(ThreadPoolExecutor.java:624)
	at java.lang.Thread.run(Thread.java:748)
</pre></div></td>
<td>0</td>
<td>per.hao.cases.marketing.automation.CampaignsTest@27d57a2c</td></tr>
</table><p>
<table width='100%' border='1' class='invocation-passed'>
<tr><td colspan='4' align='center'><b>PASSED TESTS</b></td></tr>
<tr><td><b>Test method</b></td>
<td width="30%"><b>Exception</b></td>
<td width="10%"><b>Time (seconds)</b></td>
<td><b>Instance</b></td>
</tr>
<tr>
<td title='per.hao.cases.growing.marketing.MarketingPushTest.testMarketingPush()'><b>testMarketingPush</b><br>Test class: per.hao.cases.growing.marketing.MarketingPushTest<br>Test method: G-Push推送接口<br>Parameters: {path=/api/v1/projects/${uid}/meta/marketing_push, actionType=openUrl, actionParameters=, 参数模板={
        "cid": "${cid}",
        "name": "ITF-自动化接口测试${cid}",
        "packageName": "com.growingio.giodemo",
        "audience": [${audience}],
        "notification": {
                "title": "ITF-自动化接口${random}",
                "alert": "收到一条新的留言，点击查看。",
                "extras": {
                        "key1": "value1",
                        "key2": "value2"
                },
                "actionType": "${actionType}",
                "actionTarget": "${actionTarget}",
                "actionParameters": {${actionParameters}}
        },
        "options": {
                "apnsProduction": true  }
}, audience="hzhang-小米", 
"hzhang-华为", 
"hzhang-apple", actionTarget=com.growingio.giodemo.MainActivity, 用例标题=推送打开应用, 用例编号=growing-marketing-1}</td>
<td></td>
<td>0</td>
<td>per.hao.cases.growing.marketing.MarketingPushTest@58a120b0</td></tr>
</table><p>
</body>
</html>