<?xml version="1.0" encoding="UTF-8"?>
<!-- Generated by org.testng.reporters.JUnitReportReporter -->
<testsuite skipped="0" hostname="MacBookdeMacBook-Pro-2.local" name="per.hao.cases.marketing.automation.CampaignsTest" tests="1" failures="1" timestamp="30 九月 2019 07:51:35 GMT" time="0.095" errors="0">
  <testcase name="testCampaignsCreate" time="0.095" classname="per.hao.cases.marketing.automation.CampaignsTest">
    <failure type="java.lang.AssertionError" message="&lt;html&gt;
&lt;head&gt;&lt;title&gt;401 Authorization Required&lt;/title&gt;&lt;/head&gt;
&lt;body bgcolor=&quot;white&quot;&gt;
&lt;center&gt;&lt;h1&gt;401 Authorization Required&lt;/h1&gt;&lt;/center&gt;
&lt;hr&gt;&lt;center&gt;nginx&lt;/center&gt;
&lt;/body&gt;
&lt;/html&gt;
 [not contain] ITF-创建消息组4bf36e00-5e56-4a1b-8183-97523508cfb1 expected [true] but found [false]">
      <![CDATA[java.lang.AssertionError: <html>
<head><title>401 Authorization Required</title></head>
<body bgcolor="white">
<center><h1>401 Authorization Required</h1></center>
<hr><center>nginx</center>
</body>
</html>
 [not contain] ITF-创建消息组4bf36e00-5e56-4a1b-8183-97523508cfb1 expected [true] but found [false]
at org.testng.Assert.fail(Assert.java:96)
at org.testng.Assert.failNotEquals(Assert.java:776)
at org.testng.Assert.assertTrue(Assert.java:44)
at per.hao.BaseTester.assertTextContain(BaseTester.java:28)
at per.hao.cases.marketing.automation.CampaignsTest.testCampaignsCreate(CampaignsTest.java:53)
at sun.reflect.NativeMethodAccessorImpl.invoke0(Native Method)
at sun.reflect.NativeMethodAccessorImpl.invoke(NativeMethodAccessorImpl.java:62)
at sun.reflect.DelegatingMethodAccessorImpl.invoke(DelegatingMethodAccessorImpl.java:43)
at java.lang.reflect.Method.invoke(Method.java:498)
at org.testng.internal.MethodInvocationHelper.invokeMethod(MethodInvocationHelper.java:124)
at org.testng.internal.Invoker.invokeMethod(Invoker.java:583)
at org.testng.internal.Invoker.invokeTestMethod(Invoker.java:719)
at org.testng.internal.Invoker.invokeTestMethods(Invoker.java:989)
at org.testng.internal.TestMethodWorker.invokeTestMethods(TestMethodWorker.java:125)
at org.testng.internal.TestMethodWorker.run(TestMethodWorker.java:109)
at java.util.concurrent.ThreadPoolExecutor.runWorker(ThreadPoolExecutor.java:1149)
at java.util.concurrent.ThreadPoolExecutor$Worker.run(ThreadPoolExecutor.java:624)
at java.lang.Thread.run(Thread.java:748)
]]>
    </failure>
  </testcase> <!-- testCampaignsCreate -->
</testsuite> <!-- per.hao.cases.marketing.automation.CampaignsTest -->
